2026-01-13 11:23:01.691  INFO 26768 --- [           main] c.e.user_service.UserServiceApplication  : Starting UserServiceApplication using Java 17.0.16 with PID 26768 (C:\Users\w8879947\IdeaProjects\backieGo\user-service\target\classes started by w8879947 in C:\Users\w8879947\IdeaProjects\backieGo)
2026-01-13 11:23:01.693  INFO 26768 --- [           main] c.e.user_service.UserServiceApplication  : No active profile set, falling back to 1 default profile: "default"
2026-01-13 11:23:02.450  INFO 26768 --- [           main] .s.d.r.c.RepositoryConfigurationDelegate : Multiple Spring Data modules found, entering strict repository configuration mode
2026-01-13 11:23:02.454  INFO 26768 --- [           main] .s.d.r.c.RepositoryConfigurationDelegate : Bootstrapping Spring Data JPA repositories in DEFAULT mode.
2026-01-13 11:23:02.517  INFO 26768 --- [           main] .s.d.r.c.RepositoryConfigurationDelegate : Finished Spring Data repository scanning in 52 ms. Found 1 JPA repository interface.
2026-01-13 11:23:03.092  INFO 26768 --- [           main] o.s.b.w.embedded.tomcat.TomcatWebServer  : Tomcat initialized with port 8081 (http)
2026-01-13 11:23:03.102  INFO 26768 --- [           main] o.apache.catalina.core.StandardService   : Starting service [Tomcat]
2026-01-13 11:23:03.103  INFO 26768 --- [           main] o.apache.catalina.core.StandardEngine    : Starting Servlet engine: [Apache Tomcat/10.1.41]
2026-01-13 11:23:03.169  INFO 26768 --- [           main] o.a.c.c.C.[Tomcat].[localhost].[/]       : Initializing Spring embedded WebApplicationContext
2026-01-13 11:23:03.170  INFO 26768 --- [           main] w.s.c.ServletWebServerApplicationContext : Root WebApplicationContext: initialization completed in 1419 ms
2026-01-13 11:23:03.344  INFO 26768 --- [           main] com.zaxxer.hikari.HikariDataSource       : HikariPool-1 - Starting...
2026-01-13 11:23:03.646  INFO 26768 --- [           main] com.zaxxer.hikari.pool.HikariPool        : HikariPool-1 - Added connection org.sqlite.jdbc4.JDBC4Connection@22d7fd41
2026-01-13 11:23:03.649  INFO 26768 --- [           main] com.zaxxer.hikari.HikariDataSource       : HikariPool-1 - Start completed.
2026-01-13 11:23:03.664 DEBUG 26768 --- [           main] j.LocalContainerEntityManagerFactoryBean : Building JPA container EntityManagerFactory for persistence unit 'default'
2026-01-13 11:23:03.680  INFO 26768 --- [           main] o.hibernate.jpa.internal.util.LogHelper  : HHH000204: Processing PersistenceUnitInfo [name: default]
2026-01-13 11:23:03.728  INFO 26768 --- [           main] org.hibernate.Version                    : HHH000412: Hibernate ORM core version 6.6.15.Final
2026-01-13 11:23:03.755  INFO 26768 --- [           main] o.h.c.internal.RegionFactoryInitiator    : HHH000026: Second-level cache disabled
2026-01-13 11:23:04.038  INFO 26768 --- [           main] o.s.o.j.p.SpringPersistenceUnitInfo      : No LoadTimeWeaver setup: ignoring JPA class transformer
2026-01-13 11:23:04.095  WARN 26768 --- [           main] org.hibernate.orm.deprecation            : HHH90000025: H2Dialect does not need to be specified explicitly using 'hibernate.dialect' (remove the property setting and it will be selected by default)
2026-01-13 11:23:04.106  INFO 26768 --- [           main] org.hibernate.orm.connections.pooling    : HHH10001005: Database info:
	Database JDBC URL [Connecting through datasource 'HikariDataSource (HikariPool-1)']
	Database driver: undefined/unknown
	Database version: 3.41.2
	Autocommit mode: undefined/unknown
	Isolation level: undefined/unknown
	Minimum pool size: undefined/unknown
	Maximum pool size: undefined/unknown
2026-01-13 11:23:04.799  INFO 26768 --- [           main] o.h.e.t.j.p.i.JtaPlatformInitiator       : HHH000489: No JTA platform available (set 'hibernate.transaction.jta.platform' to enable JTA platform integration)
2026-01-13 11:23:04.801  INFO 26768 --- [           main] j.LocalContainerEntityManagerFactoryBean : Initialized JPA EntityManagerFactory for persistence unit 'default'
2026-01-13 11:23:04.897 DEBUG 26768 --- [           main] tor$SharedEntityManagerInvocationHandler : Creating new EntityManager for shared EntityManager invocation
2026-01-13 11:23:04.944 DEBUG 26768 --- [           main] tor$SharedEntityManagerInvocationHandler : Creating new EntityManager for shared EntityManager invocation
2026-01-13 11:23:05.021 DEBUG 26768 --- [           main] tor$SharedEntityManagerInvocationHandler : Creating new EntityManager for shared EntityManager invocation
2026-01-13 11:23:05.089  WARN 26768 --- [           main] JpaBaseConfiguration$JpaWebConfiguration : spring.jpa.open-in-view is enabled by default. Therefore, database queries may be performed during view rendering. Explicitly configure spring.jpa.open-in-view to disable this warning
2026-01-13 11:23:05.534  INFO 26768 --- [           main] o.s.b.w.embedded.tomcat.TomcatWebServer  : Tomcat started on port 8081 (http) with context path '/'
2026-01-13 11:23:05.542  INFO 26768 --- [           main] c.e.user_service.UserServiceApplication  : Started UserServiceApplication in 4.309 seconds (process running for 4.888)
2026-01-13 11:23:36.266  INFO 26768 --- [nio-8081-exec-1] o.a.c.c.C.[Tomcat].[localhost].[/]       : Initializing Spring DispatcherServlet 'dispatcherServlet'
2026-01-13 11:23:36.266  INFO 26768 --- [nio-8081-exec-1] o.s.web.servlet.DispatcherServlet        : Initializing Servlet 'dispatcherServlet'
2026-01-13 11:23:36.267  INFO 26768 --- [nio-8081-exec-1] o.s.web.servlet.DispatcherServlet        : Completed initialization in 1 ms
2026-01-13 11:23:36.298 DEBUG 26768 --- [nio-8081-exec-1] o.j.s.OpenEntityManagerInViewInterceptor : Opening JPA EntityManager in OpenEntityManagerInViewInterceptor
2026-01-13 11:23:36.616 DEBUG 26768 --- [nio-8081-exec-1] o.j.s.OpenEntityManagerInViewInterceptor : Closing JPA EntityManager in OpenEntityManagerInViewInterceptor
2026-01-13 11:24:38.351  INFO 26768 --- [ionShutdownHook] o.s.b.w.e.tomcat.GracefulShutdown        : Commencing graceful shutdown. Waiting for active requests to complete
2026-01-13 11:24:38.530  INFO 26768 --- [tomcat-shutdown] o.s.b.w.e.tomcat.GracefulShutdown        : Graceful shutdown complete
2026-01-13 11:24:38.531  INFO 26768 --- [ionShutdownHook] j.LocalContainerEntityManagerFactoryBean : Closing JPA EntityManagerFactory for persistence unit 'default'
2026-01-13 11:24:38.534  INFO 26768 --- [ionShutdownHook] com.zaxxer.hikari.HikariDataSource       : HikariPool-1 - Shutdown initiated...
2026-01-13 11:24:38.536  INFO 26768 --- [ionShutdownHook] com.zaxxer.hikari.HikariDataSource       : HikariPool-1 - Shutdown completed.
